Using pre-set license
Built from '2020.3/staging' branch; Version is '2020.3.0f1 (c7b5465681fb) revision 13088070'; Using compiler version '192528614'; Build Type 'Release'
OS: 'Windows 10 Home; OS build 19041.867; Version 2004; 64bit' Language: 'en' Physical Memory: 32535 MB
BatchMode: 1, IsHumanControllingUs: 0, StartBugReporterOnCrash: 0, Is64bit: 1, IsPro: 0

 COMMAND LINE ARGUMENTS:
C:\Program Files\Unity\Hub\Editor\2020.3.0f1\Editor\Unity.exe
-adb2
-batchMode
-noUpm
-name
AssetImportWorker0
-projectPath
C:/Users/henry/OneDrive/Documents/Grind/2021GameSim/FBLA Game and Sim 2021
-logFile
Logs/AssetImportWorker0.log
-srvPort
53114
Successfully changed project path to: C:/Users/henry/OneDrive/Documents/Grind/2021GameSim/FBLA Game and Sim 2021
C:/Users/henry/OneDrive/Documents/Grind/2021GameSim/FBLA Game and Sim 2021
Using Asset Import Pipeline V2.
Refreshing native plugins compatible for Editor in 20.25 ms, found 0 plugins.
Preloading 0 native plugins for Editor in 0.00 ms.
Initialize engine version: 2020.3.0f1 (c7b5465681fb)
[Subsystems] Discovering subsystems at path C:/Program Files/Unity/Hub/Editor/2020.3.0f1/Editor/Data/Resources/UnitySubsystems
[Subsystems] Discovering subsystems at path C:/Users/henry/OneDrive/Documents/Grind/2021GameSim/FBLA Game and Sim 2021/Assets
GfxDevice: creating device client; threaded=0
Direct3D:
    Version:  Direct3D 11.0 [level 11.1]
    Renderer: NVIDIA GeForce GTX 1660 Ti with Max-Q Design (ID=0x2191)
    Vendor:   
    VRAM:     5991 MB
    Driver:   27.21.14.5763
Initialize mono
Mono path[0] = 'C:/Program Files/Unity/Hub/Editor/2020.3.0f1/Editor/Data/Managed'
Mono path[1] = 'C:/Program Files/Unity/Hub/Editor/2020.3.0f1/Editor/Data/MonoBleedingEdge/lib/mono/unityjit'
Mono config path = 'C:/Program Files/Unity/Hub/Editor/2020.3.0f1/Editor/Data/MonoBleedingEdge/etc'
Using monoOptions --debugger-agent=transport=dt_socket,embedding=1,server=y,suspend=n,address=127.0.0.1:56292
Begin MonoManager ReloadAssembly
Registering precompiled unity dll's ...
Register platform support module: C:/Program Files/Unity/Hub/Editor/2020.3.0f1/Editor/Data/PlaybackEngines/WindowsStandaloneSupport/UnityEditor.WindowsStandalone.Extensions.dll
Registered in 0.001890 seconds.
Native extension for WindowsStandalone target not found
Refreshing native plugins compatible for Editor in 21.44 ms, found 0 plugins.
Preloading 0 native plugins for Editor in 0.00 ms.
Invoked RoslynAnalysisRunner static constructor.
RoslynAnalysisRunner will not be running.
RoslynAnalysisRunner has terminated.
Mono: successfully reloaded assembly
- Completed reload, in  1.016 seconds
Platform modules already initialized, skipping
Registering precompiled user dll's ...
Registered in 0.000644 seconds.
Begin MonoManager ReloadAssembly
Native extension for WindowsStandalone target not found
Refreshing native plugins compatible for Editor in 0.35 ms, found 0 plugins.
Preloading 0 native plugins for Editor in 0.02 ms.
Invoked RoslynAnalysisRunner static constructor.
RoslynAnalysisRunner will not be running.
RoslynAnalysisRunner has terminated.
Mono: successfully reloaded assembly
- Completed reload, in  0.689 seconds
Platform modules already initialized, skipping
========================================================================
Worker process is ready to serve import requests
Launched and connected shader compiler UnityShaderCompiler.exe after 0.04 seconds
Refreshing native plugins compatible for Editor in 0.30 ms, found 0 plugins.
Preloading 0 native plugins for Editor in 0.00 ms.
Unloading 1113 Unused Serialized files (Serialized files now loaded: 0)
System memory in use before: 57.2 MB.
System memory in use after: 57.2 MB.

Unloading 10 unused Assets to reduce memory usage. Loaded Objects now: 1555.
Total: 1.858400 ms (FindLiveObjects: 0.212000 ms CreateObjectMapping: 0.055600 ms MarkObjects: 1.516200 ms  DeleteObjects: 0.068300 ms)

========================================================================
Received Import Request.
  path: Assets
  artifactKey: Guid(00000000000000001000000000000000) Importer(815301076,1909f56bfc062723c751e8b465ee728b)
Start importing Assets using Guid(00000000000000001000000000000000) Importer(815301076,1909f56bfc062723c751e8b465ee728b)  -> (artifact id: '42baae205c97e3337697759514652acd') in 0.008890 seconds
  Import took 0.010382 seconds .

========================================================================
Received Import Request.
  Time since last request: 14.969228 seconds.
  path: Assets/Classes
  artifactKey: Guid(b22edcfd66766e046b287a0a082595c9) Importer(815301076,1909f56bfc062723c751e8b465ee728b)
Start importing Assets/Classes using Guid(b22edcfd66766e046b287a0a082595c9) Importer(815301076,1909f56bfc062723c751e8b465ee728b)  -> (artifact id: '4f8ff6703513f6a54ba912b9d478a6c4') in 0.008721 seconds
  Import took 0.010648 seconds .

========================================================================
Received Import Request.
  Time since last request: 0.001203 seconds.
  path: Assets/Classes
  artifactKey: Guid(b22edcfd66766e046b287a0a082595c9) Importer(815301076,1909f56bfc062723c751e8b465ee728b)
Start importing Assets/Classes using Guid(b22edcfd66766e046b287a0a082595c9) Importer(815301076,1909f56bfc062723c751e8b465ee728b)  -> (artifact id: '4f8ff6703513f6a54ba912b9d478a6c4') in 0.003462 seconds
  Import took 0.005796 seconds .

========================================================================
Received Import Request.
  Time since last request: 9.885374 seconds.
  path: Assets/Assets
  artifactKey: Guid(d2129abe41cc3554cb662511033cf580) Importer(815301076,1909f56bfc062723c751e8b465ee728b)
Start importing Assets/Assets using Guid(d2129abe41cc3554cb662511033cf580) Importer(815301076,1909f56bfc062723c751e8b465ee728b)  -> (artifact id: '10fd2dc0372c3526968320ac796c0274') in 0.003675 seconds
  Import took 0.005400 seconds .

========================================================================
Received Import Request.
  Time since last request: 199.479866 seconds.
  path: Assets/Scenes
  artifactKey: Guid(77d3008180002754d9b85072d7f4bab1) Importer(815301076,1909f56bfc062723c751e8b465ee728b)
Start importing Assets/Scenes using Guid(77d3008180002754d9b85072d7f4bab1) Importer(815301076,1909f56bfc062723c751e8b465ee728b)  -> (artifact id: 'e6c1eff71bfd0d73592b5f6f9f5dd044') in 0.008573 seconds
  Import took 0.011504 seconds .

========================================================================
Received Import Request.
  Time since last request: 0.000970 seconds.
  path: Assets/Scenes
  artifactKey: Guid(77d3008180002754d9b85072d7f4bab1) Importer(815301076,1909f56bfc062723c751e8b465ee728b)
Start importing Assets/Scenes using Guid(77d3008180002754d9b85072d7f4bab1) Importer(815301076,1909f56bfc062723c751e8b465ee728b)  -> (artifact id: 'e6c1eff71bfd0d73592b5f6f9f5dd044') in 0.003766 seconds
  Import took 0.005965 seconds .

========================================================================
Received Import Request.
  Time since last request: 16.867784 seconds.
  path: Assets/Color Textures
  artifactKey: Guid(d2129abe41cc3554cb662511033cf580) Importer(815301076,1909f56bfc062723c751e8b465ee728b)
Start importing Assets/Color Textures using Guid(d2129abe41cc3554cb662511033cf580) Importer(815301076,1909f56bfc062723c751e8b465ee728b)  -> (artifact id: '75e2be0099ea2035f977135a9d34050d') in 0.009525 seconds
  Import took 0.011421 seconds .

========================================================================
Received Import Request.
  Time since last request: 0.000693 seconds.
  path: Assets/Color Textures
  artifactKey: Guid(d2129abe41cc3554cb662511033cf580) Importer(815301076,1909f56bfc062723c751e8b465ee728b)
Start importing Assets/Color Textures using Guid(d2129abe41cc3554cb662511033cf580) Importer(815301076,1909f56bfc062723c751e8b465ee728b)  -> (artifact id: '75e2be0099ea2035f977135a9d34050d') in 0.003654 seconds
  Import took 0.006086 seconds .

========================================================================
Received Import Request.
  Time since last request: 177.401345 seconds.
  path: Assets/Scripts
  artifactKey: Guid(fd740a42135700245b8d7ebf8696dbae) Importer(815301076,1909f56bfc062723c751e8b465ee728b)
Start importing Assets/Scripts using Guid(fd740a42135700245b8d7ebf8696dbae) Importer(815301076,1909f56bfc062723c751e8b465ee728b)  -> (artifact id: '069bde4703fdb88b7a2172215fc4e470') in 0.010273 seconds
  Import took 0.011940 seconds .

